Frontend-Node:  ======================
                Mesher selection: FPBA
                ======================

>>>>>>>>>>>>>>>>>>>>>>>>>>>>>>>>
Sun Sun Jun 23 12:20:01 2024
started: parallelization control
>>>>>>>>>>>>>>>>>>>>>>>>>>>>>>>>

=================================================================================
 - hardware info
   + cpu name                    : Intel(R) Core(TM) i5-6440HQ CPU @ 2.60GHz
   + sockets                     : 1
   + cores per socket            : 4
   + hyperthreading              : off
   + max cpuid level             : 22
   + max cpuid ext. level        : 8
   + numa nodes                  : 1
   + internal cpu info           : CPUID: selected engine is 'Leaf 0xB detection'
apic ids           : 0, 2, 4, 6
apic ids (fallback): 0, 2, 4, 6
from cpu registers: 0, 2, 4, 6
fallback: 0, 2, 4, 6
combined: 0, 2, 4, 6
max id per cpu: 16
SMT mask: 1
Core mask: e
Package mask: fffffff0
set results:
  - packages: 1
  - cores: 4
  - smts: 1
generate core map, new implementation
0, 1, 2, 3
packages: 1
cores   : 4
ht units: 1
 - pinning rule in use   : PINNING_RULE_MCALC_SKIP_ALL
 - desired group         : 0
 - num cores available   : 4
 - active core list from affinity: 
   + num accessible procs          : 4
   + num logical procs             : 4
   + current affinity (env)        : 0,1,2,3
   + sockets ids in                : 0
   + core list                  (1): 0,1,2,3
 - active cores          : 0,1,2,3
 - skip pinning: + allowed number of sockets = available number of sockets
                 + hyperthreading off
=================================================================================

=============================================================================
Version: 2024.0 Release from 2023-09-01 (change 1164796) [Release]
Workflow: QQ-Facets
Operation: [acis, fpba, bg]
Architecture: Windows, ID: AMD64
System Windows-64bit
Using processor group 0/1
Matrix calculation information:
# of Nodes: 0
Concurrency: 0
Start ID: 0
Node ID: 0
HEX Mesh information:
Hex mesh: global: [hxr o(0 | 0 | 0) s(39 | 245 | 254) np (no TSTs): 2426970] 
=============================================================================

>>>>>>>>>>>>>>>>>>>>>>>>>>>>>
Sun Sun Jun 23 12:20:02 2024
started: processing CAD model
>>>>>>>>>>>>>>>>>>>>>>>>>>>>>

========================================================================
Processing CAD model (for field results)
	[Improved internal geometry representation]
	[Accuracy improvement for long shapes in inhomogeneous mesh regions]
Version: 2024.0 Release from 2023-09-01 (change 1164796)
PBA version 2023101624
Sub-Workflow: Facets-QQ-GEX
Workflow updated: -
Sun Sun Jun 23 12:20:02 2024
========================================================================

===========================================
Finished CAD processing (for field results)
===========================================

<<<<<<<<<<<<<<<<<<<<<<<<<<<<<<<<<<<<<<<<<<
Sun Sun Jun 23 12:20:02 2024
Resource usage for processing CAD model:
	Runtime                 00:00:00.00714
	Peak Memory Usage:               22 MB
<<<<<<<<<<<<<<<<<<<<<<<<<<<<<<<<<<<<<<<<<<

>>>>>>>>>>>>>>>>>>>>>>>>>>>>>
Sun Sun Jun 23 12:20:02 2024
started: processing CAD model
>>>>>>>>>>>>>>>>>>>>>>>>>>>>>

>2024-05-23 12:20:02.00893< matrixcalc_AMD64 @ DESKTOP-CKLIGJT:  !!!!!!!!!!!!!!!!!!!!!!!!!!!!!!!!!!!!!!!
                                                                 current system memory usage reached 70%
                                                                 !!!!!!!!!!!!!!!!!!!!!!!!!!!!!!!!!!!!!!!

========================================================================
Processing CAD model
	[Improved internal geometry representation]
	[Accuracy improvement for long shapes in inhomogeneous mesh regions]
Version: 2024.0 Release from 2023-09-01 (change 1164796)
PBA version 2023101624
Sub-Workflow: Facets-QQ-GEX
Workflow updated: -
Sun Sun Jun 23 12:20:02 2024
========================================================================

---------------------------------------------
Used point accuracy enhancement value: 0.00%.
---------------------------------------------

=============================================================================
Mesh statistics:
-----------------------------------------------------------------------------
Minimum edge length (x): 0.0025 @ mesh line 25 (x)
Maximum edge length (x): 0.0269 @ mesh line 37 (x)
Minimum face area (x): 3.75e-06 @ mesh lines 121 | 79 (y | z)
Maximum face area (x): 0.000741 @ mesh lines 243 | 21 (y | z)
Minimum edge length (y): 0.0015 @ mesh line 121 (y)
Maximum edge length (y): 0.0269 @ mesh line 243 (y)
Minimum face area (y): 6.25e-06 @ mesh lines 79 | 25 (z | x)
Maximum face area (y): 0.000742 @ mesh lines 21 | 37 (z | x)
Minimum edge length (z): 0.0025 @ mesh line 79 (z)
Maximum edge length (z): 0.0276 @ mesh line 21 (z)
Minimum face area (z): 3.75e-06 @ mesh lines 25 | 121 (x | y)
Maximum face area (z): 0.000723 @ mesh lines 37 | 243 (x | y)
Maximum mesh face aspect ratio (x): 18.4 : 1.0  @ mesh lines 121 | 21 (y | z)
Maximum mesh face aspect ratio (y): 11 : 1.0  @ mesh lines 21 | 25 (z | x)
Maximum mesh face aspect ratio (z): 17.9 : 1.0  @ mesh lines 37 | 121 (x | y)
=============================================================================

===========================================================================
Available resources to store TST cells: 2145056677 (88384.14% of mesh size)
===========================================================================

------------------------------------------------------------------------------------------------
Geometry processing log
	PEC background is represented by CAD geometry: false
	Background shape: added
	Multithread portion: 100.00
	Number of CAD shapes: 2
	Number of lumps: 0
------------------------------------------------------------------------------------------------
=========================================
== CST Matrix Calculation Priority Log ==
=========================================
Priorities are sorted in ascending order beginning with the lowest priority
 
Group | Shape-ID | ShapeName | Material | User-priority | 2D/3D-Geometry | Material-attributes | Shape-attributes | Feature-ID | Schemetype
1 | 5 | </cst/Boundaries/> Low^X | $NFSMaterial$ | n/a | no | normal.vacuum. | boundary. | n/a | FIT_TD
1 | 6 | </cst/Boundaries/> Low^Y | $NFSMaterial$ | n/a | no | normal.vacuum. | boundary. | n/a | FIT_TD
1 | 7 | </cst/Boundaries/> Low^Z | $NFSMaterial$ | n/a | no | normal.vacuum. | boundary. | n/a | FIT_TD
1 | 8 | </cst/Boundaries/> Up^X | $NFSMaterial$ | n/a | no | normal.vacuum. | boundary. | n/a | FIT_TD
1 | 9 | </cst/Boundaries/> Up^Y | $NFSMaterial$ | n/a | no | normal.vacuum. | boundary. | n/a | FIT_TD
1 | 10 | </cst/Boundaries/> Up^Z | $NFSMaterial$ | n/a | no | normal.vacuum. | boundary. | n/a | FIT_TD
2 | 3 | </cst/Ports/> 1^t0 | Aluminum | n/a | no | pec.rho.surface-impedance. | edge-element.wire. | n/a | FIT_TD
2 | 4 | </cst/Ports/> 1^t1 | Aluminum | n/a | no | pec.rho.surface-impedance. | edge-element.wire. | n/a | FIT_TD
3 | 1 | component1:boom1 | Aluminum | n/a | yes | pec.rho.surface-impedance. | solid. | n/a | FIT_TD
3 | 2 | component1:boom1_1 | Aluminum | n/a | yes | pec.rho.surface-impedance. | solid. | n/a | FIT_TD
=========================================
************************************************************************************************
General settings
	PBA version: default
------------------------------------------------------------------------------------------------
Geometry processor: default
	Geo accuracy: 0.000000
	Watertightness check: true
	Self intersection check: false
	Inheritance (all): false
	Normal dominance (all): false
	Normal dominance (ports): false
	Flanges hollow: true
	One shape per flange: false
	Multi threading: true
		max # of threads used: 4
		requested max # of threads: 4
		representation: indexed
		method: multi thread
		retry: no
------------------------------------------------------------------------------------------------
CAD processing settings are set to default
------------------------------------------------------------------------------------------------
Connectivity settings
	Workflow selection: 0
	Workflow version: 20180101
	Gap detection: true
	Gap detection version: 2
	TST version: 2
	QQ workflow: true
	CoCo workflow: true
	Legacy topology: false
	Connectivity check: false
------------------------------------------------------------------------------------------------
------------------------------------------------------------------------------------------------
CAD Processing Version Info
	ACIS version installed:	33.0.1
	ACIS version used:	33.0.1
------------------------------------------------------------------------------------------------
Success method:	fb-multi-thread-22
************************************************************************************************

=======================
Finished CAD processing
=======================

<<<<<<<<<<<<<<<<<<<<<<<<<<<<<<<<<<<<<<<<<<
Sun Sun Jun 23 12:20:03 2024
Resource usage for processing CAD model:
	Runtime                 00:00:00.00318
	Peak Memory Usage:               23 MB
<<<<<<<<<<<<<<<<<<<<<<<<<<<<<<<<<<<<<<<<<<

------------------------------------------------------------
Parallelization Info
------------------------------------------------------------
Hyperthreading active: false
Hyperthreading used: false
Number of concurrent threads: 2
Number of concurrent threads using GPU: 0
Number of node domains: 8
Domains-to-threads scaling: 2
Average FI domain size: 2e+04
Nice mode: true
Delayed matrix calculation start: false
Load balancing: Version 20090403
Number of mesh fill domains: 100
Memory downscale: 1
Shared memory representation: none
CPU load: 50.00%
Emptiness: 0.00%
Hex mesh complexity: 2.34582
Geometric complexity: 0.05656
lower size limit of domain (1D): 60
------------------------------------------------------------
Node order
5, 4, 6, 3, 7, 2, 1, 0
------------------------------------------------------------

------------------------------------------------------------------
Matrix calculation job submit section 0
Currently running jobs: 0
Waiting jobs: 8
Concurrency for section: 2/2
Memory physically installed: 12.7711 GB
Memory currently available: 4.13197 GB
Memory already used: 8.63912 GB
Matrix calculation @ 1xN-Node 0005
	Mesh coverage: 29427200.00 %
	Estimated peak memory usage per node: 41 MB, tightness: 1.00 %
	GPU acceleration: off
	Processor group: 0
Matrix calculation @ 1xN-Node 0004
	Mesh coverage: 29427200.00 %
	Estimated peak memory usage per node: 41 MB, tightness: 1.00 %
	GPU acceleration: off
	Processor group: 0
Node distribution on 1 processor group: 2
------------------------------------------------------------------

------------------------------------------------------------------
Matrix calculation job submit section 1
Currently running jobs: 1
Waiting jobs: 6
Concurrency for section: 1/2
Memory physically installed: 12.7711 GB
Memory currently available: 3.89894 GB
Memory already used: 8.87215 GB
Matrix calculation @ 1xN-Node 0006
	Mesh coverage: 30156800.00 %
	Estimated peak memory usage per node: 41 MB, tightness: 1.06 %
	GPU acceleration: off
	Processor group: 0
Node distribution on 1 processor group: 2
------------------------------------------------------------------

------------------------------------------------------------------
Matrix calculation job submit section 2
Currently running jobs: 1
Waiting jobs: 5
Concurrency for section: 1/2
Memory physically installed: 12.7711 GB
Memory currently available: 3.98865 GB
Memory already used: 8.78244 GB
Matrix calculation @ 1xN-Node 0003
	Mesh coverage: 29913600.00 %
	Estimated peak memory usage per node: 41 MB, tightness: 1.04 %
	GPU acceleration: off
	Processor group: 0
Node distribution on 1 processor group: 2
------------------------------------------------------------------

------------------------------------------------------------------
Matrix calculation job submit section 3
Currently running jobs: 1
Waiting jobs: 4
Concurrency for section: 1/2
Memory physically installed: 12.7711 GB
Memory currently available: 3.84097 GB
Memory already used: 8.93012 GB
Matrix calculation @ 1xN-Node 0007
	Mesh coverage: 30156800.00 %
	Estimated peak memory usage per node: 41 MB, tightness: 1.07 %
	GPU acceleration: off
	Processor group: 0
Node distribution on 1 processor group: 2
------------------------------------------------------------------

------------------------------------------------------------------
Matrix calculation job submit section 4
Currently running jobs: 1
Waiting jobs: 3
Concurrency for section: 1/2
Memory physically installed: 12.7711 GB
Memory currently available: 3.68582 GB
Memory already used: 9.08527 GB
Matrix calculation @ 1xN-Node 0002
	Mesh coverage: 29913600.00 %
	Estimated peak memory usage per node: 41 MB, tightness: 1.12 %
	GPU acceleration: off
	Processor group: 0
Node distribution on 1 processor group: 2
------------------------------------------------------------------

------------------------------------------------------------------
Matrix calculation job submit section 5
Currently running jobs: 1
Waiting jobs: 2
Concurrency for section: 1/2
Memory physically installed: 12.7711 GB
Memory currently available: 2.84591 GB
Memory already used: 9.92518 GB
Matrix calculation @ 1xN-Node 0001
	Mesh coverage: 29670400.00 %
	Estimated peak memory usage per node: 41 MB, tightness: 1.45 %
	GPU acceleration: off
	Processor group: 0
Node distribution on 1 processor group: 2
------------------------------------------------------------------

------------------------------------------------------------------
Matrix calculation job submit section 6
Currently running jobs: 1
Waiting jobs: 1
Concurrency for section: 1/2
Memory physically installed: 12.7711 GB
Memory currently available: 2.92654 GB
Memory already used: 9.84455 GB
Matrix calculation @ 1xN-Node 0000
	Mesh coverage: 29670400.00 %
	Estimated peak memory usage per node: 41 MB, tightness: 1.41 %
	GPU acceleration: off
	Processor group: 0
Node distribution on 1 processor group: 2
------------------------------------------------------------------

-------------------------------------
Mesh: # of points excl. TSTs: 2426970
      # of points incl. TSTs: 2493498
-------------------------------------

===========================================
Data rearrangement statistics:
Disk IO directories:	00:00:00.0001
Disk IO node domain files:	00:00:03.0288
Disk IO FI domain files:	00:00:00.0000
Disk IO meta information:	00:00:00.0044
Sequential merge (TST):	00:00:00.0000
===========================================

1xN000:  ========================================================================
         [Boundaries] - MCalc
         open-add-space, open-add-space, open-add-space, mpi, open-add-space, mpi
         ========================================================================

1xN000:  ========================================
         [Mesh] Matrix calculation - NO ACIS mode
         [Mesh] 1xN MPI or parallelization mode
         ========================================

1xN000:  =============================
         [Mesh] Expansion: 0 0 0 2 0 2
         =============================

1xN000:  ==================================================
         [Mesh] world: o(0000,0000,0000) e(0039,0245,0254)
         [Mesh] l-1xN: o(0000,0000,0000) e(0039,0123,0065)
         [Mesh] e-1xN: o(0000,0000,0000) e(0039,0125,0067)
         [Mesh] g-MPI: not available
         [Mesh] bound offset: (0 | 0 | 0)
         ==================================================

1xN000:  =================================================================================
          - hardware info
            + cpu name                    : Intel(R) Core(TM) i5-6440HQ CPU @ 2.60GHz
            + sockets                     : 1
            + cores per socket            : 4
            + hyperthreading              : off
            + max cpuid level             : 22
            + max cpuid ext. level        : 8
            + numa nodes                  : 1
            + internal cpu info           : CPUID: selected engine is 'Leaf 0xB detection'
         apic ids           : 0, 2, 4, 6
         apic ids (fallback): 0, 2, 4, 6
         from cpu registers: 0, 2, 4, 6
         fallback: 0, 2, 4, 6
         combined: 0, 2, 4, 6
         max id per cpu: 16
         SMT mask: 1
         Core mask: e
         Package mask: fffffff0
         set results:
           - packages: 1
           - cores: 4
           - smts: 1
         generate core map, new implementation
         0, 1, 2, 3
         packages: 1
         cores   : 4
         ht units: 1
          - pinning rule in use   : PINNING_RULE_MCALC_SKIP_ALL
          - desired group         : 0
          - num cores available   : 4
          - active core list from affinity:
            + num accessible procs          : 4
            + num logical procs             : 4
            + current affinity (env)        : 0,1,2,3
            + sockets ids in                : 0
            + core list                  (1): 0,1,2,3
          - active cores          : 0,1,2,3
          - skip pinning: + allowed number of sockets = available number of sockets
                          + hyperthreading off
         =================================================================================

1xN000:  ================================================================================
         Version: 2024.0 Release from 2023-09-01 (change 1164796) [Release]
         Workflow: PBA matrix coefficients
         Operation: [fpba, meshfill, bg, port-path, tst, tst-nextgen, coeff, surface-imp]
         Architecture: Windows, ID: AMD64
         System Windows-64bit
         Using processor group 0/1
         Matrix calculation information:
         # of Nodes: 8
         Concurrency: 2
         Start ID: 7
         Node ID: 0
         HEX Mesh information:
         Hex mesh: node: [hxr o(0 | 0 | 0) s(39 | 123 | 65) np (no TSTs): 311805]
         Hex mesh: extended: [hxr o(0 | 0 | 0) s(39 | 125 | 67) np (no TSTs): 326625]
         ================================================================================

1xN000:  -----------------------------------------------------
         Memory status on node "1xN000" for matrix calculation
         	Estimated memory consumption: 0.0412828 GB
         	Physical memory installed: 12.7711 GB
         	Available physical memory: 2.98485 GB
         	Available relative memory: 23.3719 %
         -----------------------------------------------------

1xN000:  >>>>>>>>>>>>>>>>>>>>>>>>>>>>>>>>>>>>>>>>>>>>>>>>>
         Sun Sun Jun 23 12:21:46 2024
         started: calculating matrix coefficients per node
         >>>>>>>>>>>>>>>>>>>>>>>>>>>>>>>>>>>>>>>>>>>>>>>>>

1xN000:  ============================================================
         Matrix computation (PBA)
         	[Perfect Boundary Approximation (PBA), version: default]
         	[GPU acceleration: off (by user)]
         Version: 2024.0 Release from 2023-09-01 (change 1164796)
         PBA version 2023101624
         Sub-Workflow: FARM-1xN-TST2-Node
         Workflow updated: -
         Sun Sun Jun 23 12:21:46 2024
         ============================================================

1xN000:  ---------------------------------------------
         Used point accuracy enhancement value: 0.00%.
         ---------------------------------------------

1xN000:  -------------------------------------------------
         Geometry representation: compact
         Shared memory: none
         FARM allocation scheme: PA
         Parallelization: on, used

1xN000:  Gap-Detection activated for FARM-topology. Gaps are resolved, even partially.: gap tolerance value is 0.001000 and mesh geometry scale is 1.000000
1xN000:
1xN000:



1xN000:  ----------------------
         Acceleration mode: CPU
         ----------------------

1xN000:  Port homogenization method: M2H point index deviation
1xN000:  cccccccccccccccccccccccccccccccccccccccccccccccccccccccccccccccccccccc
         FARM/Meshfill cache is set to 8 (local FI domains: 18, dynamic: false)
         cccccccccccccccccccccccccccccccccccccccccccccccccccccccccccccccccccccc

1xN000:  =============================================================
         Hex cell analyzer settings:
         	max number of E fields per mesh edge: 2
         	max number of H fields per mesh face: 4
         	supporting dual grid: false
         	performance improvement: ROI limit: true
         	performance improvement: ROI threshold: 2
         	performance improvement: single topology extraction: true
         	performance improvement: pre-categorize cell volume: true
         	periodic align: 0
         	periodic cells: true
         	homogenization version: pid
         =============================================================

1xN000:  ----------------------------
         TST Statistics:
         E Split (1648 | 0 | 1648)
         E Adapt (2884 | 2472 | 2884)
         B Split (1648 | 4944 | 1648)
         B Adapt (8 | 0 | 8)
         ----------------------------

1xN000:  ssssssssssssssssssssssssssssssssssssssssss
         # of curls with SI accuracy enhancement: 0
         ssssssssssssssssssssssssssssssssssssssssss

1xN000:  ------------------------------------------------------------------------------
         PBA fill limit is applied in inverse mode.
         PBA fill limit is applied on faces filled with at least 85.00% metal material.
         --------------------------------------------------------------
         detailed accuracy settings:
         --------------------------------------------------------------
         augmented fill limit:       true
         augmented fill limit value: 85.00
         automatic fill limit:       true
         early fill limit:           true
         inverse fill limit:         true
         model complexity:           0.00
         legacy 2015:                false
         fixed point accuracy:       false
         minimum point accuracy:     0
         mesh step inheritance:      false
         accuracy mode:
         ------------------------------------------------------------------------------

1xN000:  =================================
         Finished matrix computation (PBA)
         =================================

1xN000:  <<<<<<<<<<<<<<<<<<<<<<<<<<<<<<<<<<<<<<<<<<<<<<<<<<<<<<<<<<<<
         Sun Sun Jun 23 12:22:12 2024
         Resource usage for calculating matrix coefficients per node:
         	Runtime                          00:00:26.00344
         	Peak Memory Estimation:                   41 MB
         	Peak Memory Usage:                       192 MB
         <<<<<<<<<<<<<<<<<<<<<<<<<<<<<<<<<<<<<<<<<<<<<<<<<<<<<<<<<<<<



1xN001:  =============================================================
         [Boundaries] - MCalc
         open-add-space, open-add-space, open-add-space, mpi, mpi, mpi
         =============================================================

1xN001:  ========================================
         [Mesh] Matrix calculation - NO ACIS mode
         [Mesh] 1xN MPI or parallelization mode
         ========================================

1xN001:  ==============================
         [Mesh] Expansion: 0 0 0 2 -2 2
         ==============================

1xN001:  ==================================================
         [Mesh] world: o(0000,0000,0000) e(0039,0245,0254)
         [Mesh] l-1xN: o(0000,0000,0063) e(0039,0123,0128)
         [Mesh] e-1xN: o(0000,0000,0061) e(0039,0125,0130)
         [Mesh] g-MPI: not available
         [Mesh] bound offset: (0 | 0 | 0)
         ==================================================

1xN001:  =================================================================================
          - hardware info
            + cpu name                    : Intel(R) Core(TM) i5-6440HQ CPU @ 2.60GHz
            + sockets                     : 1
            + cores per socket            : 4
            + hyperthreading              : off
            + max cpuid level             : 22
            + max cpuid ext. level        : 8
            + numa nodes                  : 1
            + internal cpu info           : CPUID: selected engine is 'Leaf 0xB detection'
         apic ids           : 0, 2, 4, 6
         apic ids (fallback): 0, 2, 4, 6
         from cpu registers: 0, 2, 4, 6
         fallback: 0, 2, 4, 6
         combined: 0, 2, 4, 6
         max id per cpu: 16
         SMT mask: 1
         Core mask: e
         Package mask: fffffff0
         set results:
           - packages: 1
           - cores: 4
           - smts: 1
         generate core map, new implementation
         0, 1, 2, 3
         packages: 1
         cores   : 4
         ht units: 1
          - pinning rule in use   : PINNING_RULE_MCALC_SKIP_ALL
          - desired group         : 0
          - num cores available   : 4
          - active core list from affinity:
            + num accessible procs          : 4
            + num logical procs             : 4
            + current affinity (env)        : 0,1,2,3
            + sockets ids in                : 0
            + core list                  (1): 0,1,2,3
          - active cores          : 0,1,2,3
          - skip pinning: + allowed number of sockets = available number of sockets
                          + hyperthreading off
         =================================================================================

1xN001:  ================================================================================
         Version: 2024.0 Release from 2023-09-01 (change 1164796) [Release]
         Workflow: PBA matrix coefficients
         Operation: [fpba, meshfill, bg, port-path, tst, tst-nextgen, coeff, surface-imp]
         Architecture: Windows, ID: AMD64
         System Windows-64bit
         Using processor group 0/1
         Matrix calculation information:
         # of Nodes: 8
         Concurrency: 2
         Start ID: 6
         Node ID: 1
         HEX Mesh information:
         Hex mesh: node: [hxr o(0 | 0 | 63) s(39 | 123 | 65) np (no TSTs): 311805]
         Hex mesh: extended: [hxr o(0 | 0 | 61) s(39 | 125 | 69) np (no TSTs): 336375]
         ================================================================================

1xN001:  -----------------------------------------------------
         Memory status on node "1xN001" for matrix calculation
         	Estimated memory consumption: 0.0412828 GB
         	Physical memory installed: 12.7711 GB
         	Available physical memory: 2.89025 GB
         	Available relative memory: 22.6312 %
         -----------------------------------------------------

1xN001:  >>>>>>>>>>>>>>>>>>>>>>>>>>>>>>>>>>>>>>>>>>>>>>>>>
         Sun Sun Jun 23 12:21:22 2024
         started: calculating matrix coefficients per node
         >>>>>>>>>>>>>>>>>>>>>>>>>>>>>>>>>>>>>>>>>>>>>>>>>

1xN001:  ============================================================
         Matrix computation (PBA)
         	[Perfect Boundary Approximation (PBA), version: default]
         	[GPU acceleration: off (by user)]
         Version: 2024.0 Release from 2023-09-01 (change 1164796)
         PBA version 2023101624
         Sub-Workflow: FARM-1xN-TST2-Node
         Workflow updated: -
         Sun Sun Jun 23 12:21:22 2024
         ============================================================

1xN001:  ---------------------------------------------
         Used point accuracy enhancement value: 0.00%.
         ---------------------------------------------

1xN001:  -------------------------------------------------
         Geometry representation: compact
         Shared memory: none
         FARM allocation scheme: PA
         Parallelization: on, used

1xN001:  Gap-Detection activated for FARM-topology. Gaps are resolved, even partially.: gap tolerance value is 0.001000 and mesh geometry scale is 1.000000
1xN001:
1xN001:



>2024-05-23 12:21:23.00139< matrixcalc_AMD64 @ DESKTOP-CKLIGJT: 1xN001:  !!!!!!!!!!!!!!!!!!!!!!!!!!!!!!!!!!!!!!!
                                                                         current system memory usage reached 80%
                                                                         !!!!!!!!!!!!!!!!!!!!!!!!!!!!!!!!!!!!!!!

1xN001:  ----------------------
         Acceleration mode: CPU
         ----------------------

1xN001:  Port homogenization method: M2H point index deviation
1xN001:  cccccccccccccccccccccccccccccccccccccccccccccccccccccccccccccccccccccc
         FARM/Meshfill cache is set to 8 (local FI domains: 24, dynamic: false)
         cccccccccccccccccccccccccccccccccccccccccccccccccccccccccccccccccccccc

1xN001:  =============================================================
         Hex cell analyzer settings:
         	max number of E fields per mesh edge: 2
         	max number of H fields per mesh face: 4
         	supporting dual grid: false
         	performance improvement: ROI limit: true
         	performance improvement: ROI threshold: 2
         	performance improvement: single topology extraction: true
         	performance improvement: pre-categorize cell volume: true
         	periodic align: 0
         	periodic cells: true
         	homogenization version: pid
         =============================================================

1xN001:  ----------------------------
         TST Statistics:
         E Split (1712 | 0 | 1712)
         E Adapt (2996 | 2568 | 2996)
         B Split (1712 | 5136 | 1712)
         B Adapt (12 | 0 | 12)
         ----------------------------

1xN001:  ssssssssssssssssssssssssssssssssssssssssss
         # of curls with SI accuracy enhancement: 0
         ssssssssssssssssssssssssssssssssssssssssss

1xN001:  ------------------------------------------------------------------------------
         PBA fill limit is applied in inverse mode.
         PBA fill limit is applied on faces filled with at least 85.00% metal material.
         --------------------------------------------------------------
         detailed accuracy settings:
         --------------------------------------------------------------
         augmented fill limit:       true
         augmented fill limit value: 85.00
         automatic fill limit:       true
         early fill limit:           true
         inverse fill limit:         true
         model complexity:           0.00
         legacy 2015:                false
         fixed point accuracy:       false
         minimum point accuracy:     0
         mesh step inheritance:      false
         accuracy mode:
         ------------------------------------------------------------------------------

1xN001:  =================================
         Finished matrix computation (PBA)
         =================================

1xN001:  <<<<<<<<<<<<<<<<<<<<<<<<<<<<<<<<<<<<<<<<<<<<<<<<<<<<<<<<<<<<
         Sun Sun Jun 23 12:21:56 2024
         Resource usage for calculating matrix coefficients per node:
         	Runtime                          00:00:33.00633
         	Peak Memory Estimation:                   41 MB
         	Peak Memory Usage:                       208 MB
         <<<<<<<<<<<<<<<<<<<<<<<<<<<<<<<<<<<<<<<<<<<<<<<<<<<<<<<<<<<<



1xN002:  ========================================================================
         [Boundaries] - MCalc
         open-add-space, open-add-space, mpi, open-add-space, open-add-space, mpi
         ========================================================================

1xN002:  ========================================
         [Mesh] Matrix calculation - NO ACIS mode
         [Mesh] 1xN MPI or parallelization mode
         ========================================

1xN002:  ==============================
         [Mesh] Expansion: 0 0 -2 0 0 2
         ==============================

1xN002:  ==================================================
         [Mesh] world: o(0000,0000,0000) e(0039,0245,0254)
         [Mesh] l-1xN: o(0000,0121,0000) e(0039,0245,0065)
         [Mesh] e-1xN: o(0000,0119,0000) e(0039,0245,0067)
         [Mesh] g-MPI: not available
         [Mesh] bound offset: (0 | 0 | -2)
         ==================================================

>2024-05-23 12:21:07.00607< matrixcalc_AMD64 @ DESKTOP-CKLIGJT: 1xN002:  !!!!!!!!!!!!!!!!!!!!!!!!!!!!!!!!!!!!!!!
                                                                         current system memory usage reached 75%
                                                                         !!!!!!!!!!!!!!!!!!!!!!!!!!!!!!!!!!!!!!!

1xN002:  =================================================================================
          - hardware info
            + cpu name                    : Intel(R) Core(TM) i5-6440HQ CPU @ 2.60GHz
            + sockets                     : 1
            + cores per socket            : 4
            + hyperthreading              : off
            + max cpuid level             : 22
            + max cpuid ext. level        : 8
            + numa nodes                  : 1
            + internal cpu info           : CPUID: selected engine is 'Leaf 0xB detection'
         apic ids           : 0, 2, 4, 6
         apic ids (fallback): 0, 2, 4, 6
         from cpu registers: 0, 2, 4, 6
         fallback: 0, 2, 4, 6
         combined: 0, 2, 4, 6
         max id per cpu: 16
         SMT mask: 1
         Core mask: e
         Package mask: fffffff0
         set results:
           - packages: 1
           - cores: 4
           - smts: 1
         generate core map, new implementation
         0, 1, 2, 3
         packages: 1
         cores   : 4
         ht units: 1
          - pinning rule in use   : PINNING_RULE_MCALC_SKIP_ALL
          - desired group         : 0
          - num cores available   : 4
          - active core list from affinity:
            + num accessible procs          : 4
            + num logical procs             : 4
            + current affinity (env)        : 0,1,2,3
            + sockets ids in                : 0
            + core list                  (1): 0,1,2,3
          - active cores          : 0,1,2,3
          - skip pinning: + allowed number of sockets = available number of sockets
                          + hyperthreading off
         =================================================================================

1xN002:  ================================================================================
         Version: 2024.0 Release from 2023-09-01 (change 1164796) [Release]
         Workflow: PBA matrix coefficients
         Operation: [fpba, meshfill, bg, port-path, tst, tst-nextgen, coeff, surface-imp]
         Architecture: Windows, ID: AMD64
         System Windows-64bit
         Using processor group 0/1
         Matrix calculation information:
         # of Nodes: 8
         Concurrency: 2
         Start ID: 5
         Node ID: 2
         HEX Mesh information:
         Hex mesh: node: [hxr o(0 | 121 | 0) s(39 | 124 | 65) np (no TSTs): 314340]
         Hex mesh: extended: [hxr o(0 | 119 | 0) s(39 | 126 | 67) np (no TSTs): 329238]
         ================================================================================

1xN002:  -----------------------------------------------------
         Memory status on node "1xN002" for matrix calculation
         	Estimated memory consumption: 0.0412828 GB
         	Physical memory installed: 12.7711 GB
         	Available physical memory: 3.15442 GB
         	Available relative memory: 24.6997 %
         -----------------------------------------------------

1xN002:  >>>>>>>>>>>>>>>>>>>>>>>>>>>>>>>>>>>>>>>>>>>>>>>>>
         Sun Sun Jun 23 12:21:07 2024
         started: calculating matrix coefficients per node
         >>>>>>>>>>>>>>>>>>>>>>>>>>>>>>>>>>>>>>>>>>>>>>>>>

1xN002:  ============================================================
         Matrix computation (PBA)
         	[Perfect Boundary Approximation (PBA), version: default]
         	[GPU acceleration: off (by user)]
         Version: 2024.0 Release from 2023-09-01 (change 1164796)
         PBA version 2023101624
         Sub-Workflow: FARM-1xN-TST2-Node
         Workflow updated: -
         Sun Sun Jun 23 12:21:07 2024
         ============================================================

1xN002:  ---------------------------------------------
         Used point accuracy enhancement value: 0.00%.
         ---------------------------------------------

1xN002:  -------------------------------------------------
         Geometry representation: compact
         Shared memory: none
         FARM allocation scheme: PA
         Parallelization: on, used

1xN002:  Gap-Detection activated for FARM-topology. Gaps are resolved, even partially.: gap tolerance value is 0.001000 and mesh geometry scale is 1.000000
1xN002:
1xN002:



>2024-05-23 12:21:17.00409< matrixcalc_AMD64 @ DESKTOP-CKLIGJT: 1xN002:  !!!!!!!!!!!!!!!!!!!!!!!!!!!!!!!!!!!!!!!
                                                                         current system memory usage reached 80%
                                                                         !!!!!!!!!!!!!!!!!!!!!!!!!!!!!!!!!!!!!!!

1xN002:  ----------------------
         Acceleration mode: CPU
         ----------------------

1xN002:  Port homogenization method: M2H point index deviation
1xN002:  cccccccccccccccccccccccccccccccccccccccccccccccccccccccccccccccccccccc
         FARM/Meshfill cache is set to 8 (local FI domains: 18, dynamic: false)
         cccccccccccccccccccccccccccccccccccccccccccccccccccccccccccccccccccccc

1xN002:  =============================================================
         Hex cell analyzer settings:
         	max number of E fields per mesh edge: 2
         	max number of H fields per mesh face: 4
         	supporting dual grid: false
         	performance improvement: ROI limit: true
         	performance improvement: ROI threshold: 2
         	performance improvement: single topology extraction: true
         	performance improvement: pre-categorize cell volume: true
         	periodic align: 0
         	periodic cells: true
         	homogenization version: pid
         =============================================================

1xN002:  ----------------------------
         TST Statistics:
         E Split (1664 | 0 | 1664)
         E Adapt (2912 | 2496 | 2912)
         B Split (1664 | 4992 | 1664)
         B Adapt (8 | 0 | 8)
         ----------------------------

1xN002:  ssssssssssssssssssssssssssssssssssssssssss
         # of curls with SI accuracy enhancement: 0
         ssssssssssssssssssssssssssssssssssssssssss

1xN002:  ------------------------------------------------------------------------------
         PBA fill limit is applied in inverse mode.
         PBA fill limit is applied on faces filled with at least 85.00% metal material.
         --------------------------------------------------------------
         detailed accuracy settings:
         --------------------------------------------------------------
         augmented fill limit:       true
         augmented fill limit value: 85.00
         automatic fill limit:       true
         early fill limit:           true
         inverse fill limit:         true
         model complexity:           0.00
         legacy 2015:                false
         fixed point accuracy:       false
         minimum point accuracy:     0
         mesh step inheritance:      false
         accuracy mode:
         ------------------------------------------------------------------------------

1xN002:  =================================
         Finished matrix computation (PBA)
         =================================

1xN002:  <<<<<<<<<<<<<<<<<<<<<<<<<<<<<<<<<<<<<<<<<<<<<<<<<<<<<<<<<<<<
         Sun Sun Jun 23 12:21:45 2024
         Resource usage for calculating matrix coefficients per node:
         	Runtime                          00:00:38.00146
         	Peak Memory Estimation:                   41 MB
         	Peak Memory Usage:                       200 MB
         <<<<<<<<<<<<<<<<<<<<<<<<<<<<<<<<<<<<<<<<<<<<<<<<<<<<<<<<<<<<



1xN003:  =============================================================
         [Boundaries] - MCalc
         open-add-space, open-add-space, mpi, open-add-space, mpi, mpi
         =============================================================

1xN003:  ========================================
         [Mesh] Matrix calculation - NO ACIS mode
         [Mesh] 1xN MPI or parallelization mode
         ========================================

1xN003:  ===============================
         [Mesh] Expansion: 0 0 -2 0 -2 2
         ===============================

1xN003:  ==================================================
         [Mesh] world: o(0000,0000,0000) e(0039,0245,0254)
         [Mesh] l-1xN: o(0000,0121,0063) e(0039,0245,0128)
         [Mesh] e-1xN: o(0000,0119,0061) e(0039,0245,0130)
         [Mesh] g-MPI: not available
         [Mesh] bound offset: (0 | 0 | -2)
         ==================================================

1xN003:  =================================================================================
          - hardware info
            + cpu name                    : Intel(R) Core(TM) i5-6440HQ CPU @ 2.60GHz
            + sockets                     : 1
            + cores per socket            : 4
            + hyperthreading              : off
            + max cpuid level             : 22
            + max cpuid ext. level        : 8
            + numa nodes                  : 1
            + internal cpu info           : CPUID: selected engine is 'Leaf 0xB detection'
         apic ids           : 0, 2, 4, 6
         apic ids (fallback): 0, 2, 4, 6
         from cpu registers: 0, 2, 4, 6
         fallback: 0, 2, 4, 6
         combined: 0, 2, 4, 6
         max id per cpu: 16
         SMT mask: 1
         Core mask: e
         Package mask: fffffff0
         set results:
           - packages: 1
           - cores: 4
           - smts: 1
         generate core map, new implementation
         0, 1, 2, 3
         packages: 1
         cores   : 4
         ht units: 1
          - pinning rule in use   : PINNING_RULE_MCALC_SKIP_ALL
          - desired group         : 0
          - num cores available   : 4
          - active core list from affinity:
            + num accessible procs          : 4
            + num logical procs             : 4
            + current affinity (env)        : 0,1,2,3
            + sockets ids in                : 0
            + core list                  (1): 0,1,2,3
          - active cores          : 0,1,2,3
          - skip pinning: + allowed number of sockets = available number of sockets
                          + hyperthreading off
         =================================================================================

1xN003:  ================================================================================
         Version: 2024.0 Release from 2023-09-01 (change 1164796) [Release]
         Workflow: PBA matrix coefficients
         Operation: [fpba, meshfill, bg, port-path, tst, tst-nextgen, coeff, surface-imp]
         Architecture: Windows, ID: AMD64
         System Windows-64bit
         Using processor group 0/1
         Matrix calculation information:
         # of Nodes: 8
         Concurrency: 2
         Start ID: 3
         Node ID: 3
         HEX Mesh information:
         Hex mesh: node: [hxr o(0 | 121 | 63) s(39 | 124 | 65) np (no TSTs): 314340]
         Hex mesh: extended: [hxr o(0 | 119 | 61) s(39 | 126 | 69) np (no TSTs): 339066]
         ================================================================================

1xN003:  -----------------------------------------------------
         Memory status on node "1xN003" for matrix calculation
         	Estimated memory consumption: 0.0412828 GB
         	Physical memory installed: 12.7711 GB
         	Available physical memory: 4.02584 GB
         	Available relative memory: 31.5231 %
         -----------------------------------------------------

1xN003:  >>>>>>>>>>>>>>>>>>>>>>>>>>>>>>>>>>>>>>>>>>>>>>>>>
         Sun Sun Jun 23 12:20:29 2024
         started: calculating matrix coefficients per node
         >>>>>>>>>>>>>>>>>>>>>>>>>>>>>>>>>>>>>>>>>>>>>>>>>

1xN003:  ============================================================
         Matrix computation (PBA)
         	[Perfect Boundary Approximation (PBA), version: default]
         	[GPU acceleration: off (by user)]
         Version: 2024.0 Release from 2023-09-01 (change 1164796)
         PBA version 2023101624
         Sub-Workflow: FARM-1xN-TST2-Node
         Workflow updated: -
         Sun Sun Jun 23 12:20:29 2024
         ============================================================

1xN003:  ---------------------------------------------
         Used point accuracy enhancement value: 0.00%.
         ---------------------------------------------

1xN003:  -------------------------------------------------
         Geometry representation: compact
         Shared memory: none
         FARM allocation scheme: PA
         Parallelization: on, used

1xN003:  Gap-Detection activated for FARM-topology. Gaps are resolved, even partially.: gap tolerance value is 0.001000 and mesh geometry scale is 1.000000
1xN003:
1xN003:



1xN003:  ----------------------
         Acceleration mode: CPU
         ----------------------

1xN003:  Port homogenization method: M2H point index deviation
1xN003:  cccccccccccccccccccccccccccccccccccccccccccccccccccccccccccccccccccccc
         FARM/Meshfill cache is set to 8 (local FI domains: 24, dynamic: false)
         cccccccccccccccccccccccccccccccccccccccccccccccccccccccccccccccccccccc

1xN003:  =============================================================
         Hex cell analyzer settings:
         	max number of E fields per mesh edge: 2
         	max number of H fields per mesh face: 4
         	supporting dual grid: false
         	performance improvement: ROI limit: true
         	performance improvement: ROI threshold: 2
         	performance improvement: single topology extraction: true
         	performance improvement: pre-categorize cell volume: true
         	periodic align: 0
         	periodic cells: true
         	homogenization version: pid
         =============================================================

1xN003:  ----------------------------
         TST Statistics:
         E Split (1736 | 0 | 1736)
         E Adapt (3038 | 2604 | 3038)
         B Split (1736 | 5208 | 1736)
         B Adapt (12 | 0 | 12)
         ----------------------------

1xN003:  ssssssssssssssssssssssssssssssssssssssssss
         # of curls with SI accuracy enhancement: 0
         ssssssssssssssssssssssssssssssssssssssssss

1xN003:  ------------------------------------------------------------------------------
         PBA fill limit is applied in inverse mode.
         PBA fill limit is applied on faces filled with at least 85.00% metal material.
         --------------------------------------------------------------
         detailed accuracy settings:
         --------------------------------------------------------------
         augmented fill limit:       true
         augmented fill limit value: 85.00
         automatic fill limit:       true
         early fill limit:           true
         inverse fill limit:         true
         model complexity:           0.00
         legacy 2015:                false
         fixed point accuracy:       false
         minimum point accuracy:     0
         mesh step inheritance:      false
         accuracy mode:
         ------------------------------------------------------------------------------

1xN003:  =================================
         Finished matrix computation (PBA)
         =================================

1xN003:  <<<<<<<<<<<<<<<<<<<<<<<<<<<<<<<<<<<<<<<<<<<<<<<<<<<<<<<<<<<<
         Sun Sun Jun 23 12:21:00 2024
         Resource usage for calculating matrix coefficients per node:
         	Runtime                          00:00:30.00858
         	Peak Memory Estimation:                   41 MB
         	Peak Memory Usage:                       216 MB
         <<<<<<<<<<<<<<<<<<<<<<<<<<<<<<<<<<<<<<<<<<<<<<<<<<<<<<<<<<<<



1xN004:  =============================================================
         [Boundaries] - MCalc
         open-add-space, open-add-space, open-add-space, mpi, mpi, mpi
         =============================================================

1xN004:  ========================================
         [Mesh] Matrix calculation - NO ACIS mode
         [Mesh] 1xN MPI or parallelization mode
         ========================================

1xN004:  ==============================
         [Mesh] Expansion: 0 0 0 2 -2 2
         ==============================

1xN004:  ==================================================
         [Mesh] world: o(0000,0000,0000) e(0039,0245,0254)
         [Mesh] l-1xN: o(0000,0000,0126) e(0039,0122,0191)
         [Mesh] e-1xN: o(0000,0000,0124) e(0039,0124,0193)
         [Mesh] g-MPI: not available
         [Mesh] bound offset: (0 | 0 | 0)
         ==================================================

1xN004:  =================================================================================
          - hardware info
            + cpu name                    : Intel(R) Core(TM) i5-6440HQ CPU @ 2.60GHz
            + sockets                     : 1
            + cores per socket            : 4
            + hyperthreading              : off
            + max cpuid level             : 22
            + max cpuid ext. level        : 8
            + numa nodes                  : 1
            + internal cpu info           : CPUID: selected engine is 'Leaf 0xB detection'
         apic ids           : 0, 2, 4, 6
         apic ids (fallback): 0, 2, 4, 6
         from cpu registers: 0, 2, 4, 6
         fallback: 0, 2, 4, 6
         combined: 0, 2, 4, 6
         max id per cpu: 16
         SMT mask: 1
         Core mask: e
         Package mask: fffffff0
         set results:
           - packages: 1
           - cores: 4
           - smts: 1
         generate core map, new implementation
         0, 1, 2, 3
         packages: 1
         cores   : 4
         ht units: 1
          - pinning rule in use   : PINNING_RULE_MCALC_SKIP_ALL
          - desired group         : 0
          - num cores available   : 4
          - active core list from affinity:
            + num accessible procs          : 4
            + num logical procs             : 4
            + current affinity (env)        : 0,1,2,3
            + sockets ids in                : 0
            + core list                  (1): 0,1,2,3
          - active cores          : 0,1,2,3
          - skip pinning: + allowed number of sockets = available number of sockets
                          + hyperthreading off
         =================================================================================

1xN004:  ================================================================================
         Version: 2024.0 Release from 2023-09-01 (change 1164796) [Release]
         Workflow: PBA matrix coefficients
         Operation: [fpba, meshfill, bg, port-path, tst, tst-nextgen, coeff, surface-imp]
         Architecture: Windows, ID: AMD64
         System Windows-64bit
         Using processor group 0/1
         Matrix calculation information:
         # of Nodes: 8
         Concurrency: 2
         Start ID: 1
         Node ID: 4
         HEX Mesh information:
         Hex mesh: node: [hxr o(0 | 0 | 126) s(39 | 122 | 65) np (no TSTs): 309270]
         Hex mesh: extended: [hxr o(0 | 0 | 124) s(39 | 124 | 69) np (no TSTs): 333684]
         ================================================================================

1xN004:  -----------------------------------------------------
         Memory status on node "1xN004" for matrix calculation
         	Estimated memory consumption: 0.0412828 GB
         	Physical memory installed: 12.7711 GB
         	Available physical memory: 4.12572 GB
         	Available relative memory: 32.3052 %
         -----------------------------------------------------

1xN004:  >>>>>>>>>>>>>>>>>>>>>>>>>>>>>>>>>>>>>>>>>>>>>>>>>
         Sun Sun Jun 23 12:20:04 2024
         started: calculating matrix coefficients per node
         >>>>>>>>>>>>>>>>>>>>>>>>>>>>>>>>>>>>>>>>>>>>>>>>>

1xN004:  ============================================================
         Matrix computation (PBA)
         	[Perfect Boundary Approximation (PBA), version: default]
         	[GPU acceleration: off (by user)]
         Version: 2024.0 Release from 2023-09-01 (change 1164796)
         PBA version 2023101624
         Sub-Workflow: FARM-1xN-TST2-Node
         Workflow updated: -
         Sun Sun Jun 23 12:20:04 2024
         ============================================================

1xN004:  ---------------------------------------------
         Used point accuracy enhancement value: 0.00%.
         ---------------------------------------------

1xN004:  -------------------------------------------------
         Geometry representation: compact
         Shared memory: none
         FARM allocation scheme: PA
         Parallelization: on, used

1xN004:  Gap-Detection activated for FARM-topology. Gaps are resolved, even partially.: gap tolerance value is 0.001000 and mesh geometry scale is 1.000000
1xN004:
1xN004:



1xN004:  ----------------------
         Acceleration mode: CPU
         ----------------------

1xN004:  Port homogenization method: M2H point index deviation
1xN004:  cccccccccccccccccccccccccccccccccccccccccccccccccccccccccccccccccccccc
         FARM/Meshfill cache is set to 8 (local FI domains: 24, dynamic: false)
         cccccccccccccccccccccccccccccccccccccccccccccccccccccccccccccccccccccc

1xN004:  =============================================================
         Hex cell analyzer settings:
         	max number of E fields per mesh edge: 2
         	max number of H fields per mesh face: 4
         	supporting dual grid: false
         	performance improvement: ROI limit: true
         	performance improvement: ROI threshold: 2
         	performance improvement: single topology extraction: true
         	performance improvement: pre-categorize cell volume: true
         	periodic align: 0
         	periodic cells: true
         	homogenization version: pid
         =============================================================

1xN004:  ----------------------------
         TST Statistics:
         E Split (1204 | 0 | 1204)
         E Adapt (2166 | 1806 | 2107)
         B Split (1204 | 3612 | 1204)
         B Adapt (14 | 0 | 14)
         ----------------------------

1xN004:  ssssssssssssssssssssssssssssssssssssssssss
         # of curls with SI accuracy enhancement: 0
         ssssssssssssssssssssssssssssssssssssssssss

1xN004:  ------------------------------------------------------------------------------
         PBA fill limit is applied in inverse mode.
         PBA fill limit is applied on faces filled with at least 85.00% metal material.
         --------------------------------------------------------------
         detailed accuracy settings:
         --------------------------------------------------------------
         augmented fill limit:       true
         augmented fill limit value: 85.00
         automatic fill limit:       true
         early fill limit:           true
         inverse fill limit:         true
         model complexity:           0.00
         legacy 2015:                false
         fixed point accuracy:       false
         minimum point accuracy:     0
         mesh step inheritance:      false
         accuracy mode:
         ------------------------------------------------------------------------------

1xN004:  =================================
         Finished matrix computation (PBA)
         =================================

1xN004:  <<<<<<<<<<<<<<<<<<<<<<<<<<<<<<<<<<<<<<<<<<<<<<<<<<<<<<<<<<<<
         Sun Sun Jun 23 12:20:28 2024
         Resource usage for calculating matrix coefficients per node:
         	Runtime                          00:00:24.00435
         	Peak Memory Estimation:                   41 MB
         	Peak Memory Usage:                       193 MB
         <<<<<<<<<<<<<<<<<<<<<<<<<<<<<<<<<<<<<<<<<<<<<<<<<<<<<<<<<<<<



1xN005:  ========================================================================
         [Boundaries] - MCalc
         open-add-space, open-add-space, open-add-space, mpi, mpi, open-add-space
         ========================================================================

1xN005:  ========================================
         [Mesh] Matrix calculation - NO ACIS mode
         [Mesh] 1xN MPI or parallelization mode
         ========================================

1xN005:  ==============================
         [Mesh] Expansion: 0 0 0 2 -2 0
         ==============================

1xN005:  ==================================================
         [Mesh] world: o(0000,0000,0000) e(0039,0245,0254)
         [Mesh] l-1xN: o(0000,0000,0189) e(0039,0122,0254)
         [Mesh] e-1xN: o(0000,0000,0187) e(0039,0124,0254)
         [Mesh] g-MPI: not available
         [Mesh] bound offset: (0 | 0 | 0)
         ==================================================

1xN005:  =================================================================================
          - hardware info
            + cpu name                    : Intel(R) Core(TM) i5-6440HQ CPU @ 2.60GHz
            + sockets                     : 1
            + cores per socket            : 4
            + hyperthreading              : off
            + max cpuid level             : 22
            + max cpuid ext. level        : 8
            + numa nodes                  : 1
            + internal cpu info           : CPUID: selected engine is 'Leaf 0xB detection'
         apic ids           : 0, 2, 4, 6
         apic ids (fallback): 0, 2, 4, 6
         from cpu registers: 0, 2, 4, 6
         fallback: 0, 2, 4, 6
         combined: 0, 2, 4, 6
         max id per cpu: 16
         SMT mask: 1
         Core mask: e
         Package mask: fffffff0
         set results:
           - packages: 1
           - cores: 4
           - smts: 1
         generate core map, new implementation
         0, 1, 2, 3
         packages: 1
         cores   : 4
         ht units: 1
          - pinning rule in use   : PINNING_RULE_MCALC_SKIP_ALL
          - desired group         : 0
          - num cores available   : 4
          - active core list from affinity:
            + num accessible procs          : 4
            + num logical procs             : 4
            + current affinity (env)        : 0,1,2,3
            + sockets ids in                : 0
            + core list                  (1): 0,1,2,3
          - active cores          : 0,1,2,3
          - skip pinning: + allowed number of sockets = available number of sockets
                          + hyperthreading off
         =================================================================================

1xN005:  ================================================================================
         Version: 2024.0 Release from 2023-09-01 (change 1164796) [Release]
         Workflow: PBA matrix coefficients
         Operation: [fpba, meshfill, bg, port-path, tst, tst-nextgen, coeff, surface-imp]
         Architecture: Windows, ID: AMD64
         System Windows-64bit
         Using processor group 0/1
         Matrix calculation information:
         # of Nodes: 8
         Concurrency: 2
         Start ID: 0
         Node ID: 5
         HEX Mesh information:
         Hex mesh: node: [hxr o(0 | 0 | 189) s(39 | 122 | 65) np (no TSTs): 309270]
         Hex mesh: extended: [hxr o(0 | 0 | 187) s(39 | 124 | 67) np (no TSTs): 324012]
         ================================================================================

1xN005:  -----------------------------------------------------
         Memory status on node "1xN005" for matrix calculation
         	Estimated memory consumption: 0.0412828 GB
         	Physical memory installed: 12.7711 GB
         	Available physical memory: 4.1255 GB
         	Available relative memory: 32.3034 %
         -----------------------------------------------------

1xN005:  >>>>>>>>>>>>>>>>>>>>>>>>>>>>>>>>>>>>>>>>>>>>>>>>>
         Sun Sun Jun 23 12:20:04 2024
         started: calculating matrix coefficients per node
         >>>>>>>>>>>>>>>>>>>>>>>>>>>>>>>>>>>>>>>>>>>>>>>>>

1xN005:  ============================================================
         Matrix computation (PBA)
         	[Perfect Boundary Approximation (PBA), version: default]
         	[GPU acceleration: off (by user)]
         Version: 2024.0 Release from 2023-09-01 (change 1164796)
         PBA version 2023101624
         Sub-Workflow: FARM-1xN-TST2-Node
         Workflow updated: -
         Sun Sun Jun 23 12:20:04 2024
         ============================================================

1xN005:  ---------------------------------------------
         Used point accuracy enhancement value: 0.00%.
         ---------------------------------------------

1xN005:  -------------------------------------------------
         Geometry representation: compact
         Shared memory: none
         FARM allocation scheme: PA
         Parallelization: on, used

1xN005:  Gap-Detection activated for FARM-topology. Gaps are resolved, even partially.: gap tolerance value is 0.001000 and mesh geometry scale is 1.000000
1xN005:
1xN005:



1xN005:  ----------------------
         Acceleration mode: CPU
         ----------------------

1xN005:  Port homogenization method: M2H point index deviation
1xN005:  cccccccccccccccccccccccccccccccccccccccccccccccccccccccccccccccccccccc
         FARM/Meshfill cache is set to 8 (local FI domains: 18, dynamic: false)
         cccccccccccccccccccccccccccccccccccccccccccccccccccccccccccccccccccccc

1xN005:  =============================================================
         Hex cell analyzer settings:
         	max number of E fields per mesh edge: 2
         	max number of H fields per mesh face: 4
         	supporting dual grid: false
         	performance improvement: ROI limit: true
         	performance improvement: ROI threshold: 2
         	performance improvement: single topology extraction: true
         	performance improvement: pre-categorize cell volume: true
         	periodic align: 0
         	periodic cells: true
         	homogenization version: pid
         =============================================================

1xN005:  --------------------------
         TST Statistics:
         E Split (464 | 0 | 464)
         E Adapt (812 | 696 | 812)
         B Split (464 | 1392 | 464)
         B Adapt (12 | 0 | 12)
         --------------------------

1xN005:  ssssssssssssssssssssssssssssssssssssssssss
         # of curls with SI accuracy enhancement: 0
         ssssssssssssssssssssssssssssssssssssssssss

1xN005:  ------------------------------------------------------------------------------
         PBA fill limit is applied in inverse mode.
         PBA fill limit is applied on faces filled with at least 85.00% metal material.
         --------------------------------------------------------------
         detailed accuracy settings:
         --------------------------------------------------------------
         augmented fill limit:       true
         augmented fill limit value: 85.00
         automatic fill limit:       true
         early fill limit:           true
         inverse fill limit:         true
         model complexity:           0.00
         legacy 2015:                false
         fixed point accuracy:       false
         minimum point accuracy:     0
         mesh step inheritance:      false
         accuracy mode:
         ------------------------------------------------------------------------------

1xN005:  =================================
         Finished matrix computation (PBA)
         =================================

1xN005:  <<<<<<<<<<<<<<<<<<<<<<<<<<<<<<<<<<<<<<<<<<<<<<<<<<<<<<<<<<<<
         Sun Sun Jun 23 12:20:22 2024
         Resource usage for calculating matrix coefficients per node:
         	Runtime                          00:00:17.00984
         	Peak Memory Estimation:                   41 MB
         	Peak Memory Usage:                       154 MB
         <<<<<<<<<<<<<<<<<<<<<<<<<<<<<<<<<<<<<<<<<<<<<<<<<<<<<<<<<<<<



1xN006:  =============================================================
         [Boundaries] - MCalc
         open-add-space, open-add-space, mpi, open-add-space, mpi, mpi
         =============================================================

1xN006:  ========================================
         [Mesh] Matrix calculation - NO ACIS mode
         [Mesh] 1xN MPI or parallelization mode
         ========================================

1xN006:  ===============================
         [Mesh] Expansion: 0 0 -2 0 -2 2
         ===============================

1xN006:  ==================================================
         [Mesh] world: o(0000,0000,0000) e(0039,0245,0254)
         [Mesh] l-1xN: o(0000,0120,0126) e(0039,0245,0191)
         [Mesh] e-1xN: o(0000,0118,0124) e(0039,0245,0193)
         [Mesh] g-MPI: not available
         [Mesh] bound offset: (0 | 0 | -2)
         ==================================================

1xN006:  =================================================================================
          - hardware info
            + cpu name                    : Intel(R) Core(TM) i5-6440HQ CPU @ 2.60GHz
            + sockets                     : 1
            + cores per socket            : 4
            + hyperthreading              : off
            + max cpuid level             : 22
            + max cpuid ext. level        : 8
            + numa nodes                  : 1
            + internal cpu info           : CPUID: selected engine is 'Leaf 0xB detection'
         apic ids           : 0, 2, 4, 6
         apic ids (fallback): 0, 2, 4, 6
         from cpu registers: 0, 2, 4, 6
         fallback: 0, 2, 4, 6
         combined: 0, 2, 4, 6
         max id per cpu: 16
         SMT mask: 1
         Core mask: e
         Package mask: fffffff0
         set results:
           - packages: 1
           - cores: 4
           - smts: 1
         generate core map, new implementation
         0, 1, 2, 3
         packages: 1
         cores   : 4
         ht units: 1
          - pinning rule in use   : PINNING_RULE_MCALC_SKIP_ALL
          - desired group         : 0
          - num cores available   : 4
          - active core list from affinity:
            + num accessible procs          : 4
            + num logical procs             : 4
            + current affinity (env)        : 0,1,2,3
            + sockets ids in                : 0
            + core list                  (1): 0,1,2,3
          - active cores          : 0,1,2,3
          - skip pinning: + allowed number of sockets = available number of sockets
                          + hyperthreading off
         =================================================================================

1xN006:  =================================================================================
         Version: 2024.0 Release from 2023-09-01 (change 1164796) [Release]
         Workflow: PBA matrix coefficients
         Operation: [fpba, meshfill, bg, port-path, tst, tst-nextgen, coeff, surface-imp]
         Architecture: Windows, ID: AMD64
         System Windows-64bit
         Using processor group 0/1
         Matrix calculation information:
         # of Nodes: 8
         Concurrency: 2
         Start ID: 2
         Node ID: 6
         HEX Mesh information:
         Hex mesh: node: [hxr o(0 | 120 | 126) s(39 | 125 | 65) np (no TSTs): 316875]
         Hex mesh: extended: [hxr o(0 | 118 | 124) s(39 | 127 | 69) np (no TSTs): 341757]
         =================================================================================

1xN006:  -----------------------------------------------------
         Memory status on node "1xN006" for matrix calculation
         	Estimated memory consumption: 0.0412828 GB
         	Physical memory installed: 12.7711 GB
         	Available physical memory: 3.93581 GB
         	Available relative memory: 30.8181 %
         -----------------------------------------------------

1xN006:  >>>>>>>>>>>>>>>>>>>>>>>>>>>>>>>>>>>>>>>>>>>>>>>>>
         Sun Sun Jun 23 12:20:22 2024
         started: calculating matrix coefficients per node
         >>>>>>>>>>>>>>>>>>>>>>>>>>>>>>>>>>>>>>>>>>>>>>>>>

1xN006:  ============================================================
         Matrix computation (PBA)
         	[Perfect Boundary Approximation (PBA), version: default]
         	[GPU acceleration: off (by user)]
         Version: 2024.0 Release from 2023-09-01 (change 1164796)
         PBA version 2023101624
         Sub-Workflow: FARM-1xN-TST2-Node
         Workflow updated: -
         Sun Sun Jun 23 12:20:22 2024
         ============================================================

1xN006:  ---------------------------------------------
         Used point accuracy enhancement value: 0.00%.
         ---------------------------------------------

1xN006:  -------------------------------------------------
         Geometry representation: compact
         Shared memory: none
         FARM allocation scheme: PA
         Parallelization: on, used

1xN006:  Gap-Detection activated for FARM-topology. Gaps are resolved, even partially.: gap tolerance value is 0.001000 and mesh geometry scale is 1.000000
1xN006:
1xN006:



1xN006:  ----------------------
         Acceleration mode: CPU
         ----------------------

1xN006:  Port homogenization method: M2H point index deviation
1xN006:  cccccccccccccccccccccccccccccccccccccccccccccccccccccccccccccccccccccc
         FARM/Meshfill cache is set to 8 (local FI domains: 24, dynamic: false)
         cccccccccccccccccccccccccccccccccccccccccccccccccccccccccccccccccccccc

1xN006:  =============================================================
         Hex cell analyzer settings:
         	max number of E fields per mesh edge: 2
         	max number of H fields per mesh face: 4
         	supporting dual grid: false
         	performance improvement: ROI limit: true
         	performance improvement: ROI threshold: 2
         	performance improvement: single topology extraction: true
         	performance improvement: pre-categorize cell volume: true
         	periodic align: 0
         	periodic cells: true
         	homogenization version: pid
         =============================================================

1xN006:  ----------------------------
         TST Statistics:
         E Split (1288 | 0 | 1288)
         E Adapt (2316 | 1932 | 2254)
         B Split (1288 | 3864 | 1288)
         B Adapt (14 | 0 | 14)
         ----------------------------

1xN006:  ssssssssssssssssssssssssssssssssssssssssss
         # of curls with SI accuracy enhancement: 0
         ssssssssssssssssssssssssssssssssssssssssss

1xN006:  ------------------------------------------------------------------------------
         PBA fill limit is applied in inverse mode.
         PBA fill limit is applied on faces filled with at least 85.00% metal material.
         --------------------------------------------------------------
         detailed accuracy settings:
         --------------------------------------------------------------
         augmented fill limit:       true
         augmented fill limit value: 85.00
         automatic fill limit:       true
         early fill limit:           true
         inverse fill limit:         true
         model complexity:           0.00
         legacy 2015:                false
         fixed point accuracy:       false
         minimum point accuracy:     0
         mesh step inheritance:      false
         accuracy mode:
         ------------------------------------------------------------------------------

1xN006:  =================================
         Finished matrix computation (PBA)
         =================================

1xN006:  <<<<<<<<<<<<<<<<<<<<<<<<<<<<<<<<<<<<<<<<<<<<<<<<<<<<<<<<<<<<
         Sun Sun Jun 23 12:20:49 2024
         Resource usage for calculating matrix coefficients per node:
         	Runtime                          00:00:26.00628
         	Peak Memory Estimation:                   41 MB
         	Peak Memory Usage:                       193 MB
         <<<<<<<<<<<<<<<<<<<<<<<<<<<<<<<<<<<<<<<<<<<<<<<<<<<<<<<<<<<<



1xN007:  ========================================================================
         [Boundaries] - MCalc
         open-add-space, open-add-space, mpi, open-add-space, mpi, open-add-space
         ========================================================================

1xN007:  ========================================
         [Mesh] Matrix calculation - NO ACIS mode
         [Mesh] 1xN MPI or parallelization mode
         ========================================

1xN007:  ===============================
         [Mesh] Expansion: 0 0 -2 0 -2 0
         ===============================

1xN007:  ==================================================
         [Mesh] world: o(0000,0000,0000) e(0039,0245,0254)
         [Mesh] l-1xN: o(0000,0120,0189) e(0039,0245,0254)
         [Mesh] e-1xN: o(0000,0118,0187) e(0039,0245,0254)
         [Mesh] g-MPI: not available
         [Mesh] bound offset: (0 | 0 | -2)
         ==================================================

1xN007:  =================================================================================
          - hardware info
            + cpu name                    : Intel(R) Core(TM) i5-6440HQ CPU @ 2.60GHz
            + sockets                     : 1
            + cores per socket            : 4
            + hyperthreading              : off
            + max cpuid level             : 22
            + max cpuid ext. level        : 8
            + numa nodes                  : 1
            + internal cpu info           : CPUID: selected engine is 'Leaf 0xB detection'
         apic ids           : 0, 2, 4, 6
         apic ids (fallback): 0, 2, 4, 6
         from cpu registers: 0, 2, 4, 6
         fallback: 0, 2, 4, 6
         combined: 0, 2, 4, 6
         max id per cpu: 16
         SMT mask: 1
         Core mask: e
         Package mask: fffffff0
         set results:
           - packages: 1
           - cores: 4
           - smts: 1
         generate core map, new implementation
         0, 1, 2, 3
         packages: 1
         cores   : 4
         ht units: 1
          - pinning rule in use   : PINNING_RULE_MCALC_SKIP_ALL
          - desired group         : 0
          - num cores available   : 4
          - active core list from affinity:
            + num accessible procs          : 4
            + num logical procs             : 4
            + current affinity (env)        : 0,1,2,3
            + sockets ids in                : 0
            + core list                  (1): 0,1,2,3
          - active cores          : 0,1,2,3
          - skip pinning: + allowed number of sockets = available number of sockets
                          + hyperthreading off
         =================================================================================

1xN007:  =================================================================================
         Version: 2024.0 Release from 2023-09-01 (change 1164796) [Release]
         Workflow: PBA matrix coefficients
         Operation: [fpba, meshfill, bg, port-path, tst, tst-nextgen, coeff, surface-imp]
         Architecture: Windows, ID: AMD64
         System Windows-64bit
         Using processor group 0/1
         Matrix calculation information:
         # of Nodes: 8
         Concurrency: 2
         Start ID: 4
         Node ID: 7
         HEX Mesh information:
         Hex mesh: node: [hxr o(0 | 120 | 189) s(39 | 125 | 65) np (no TSTs): 316875]
         Hex mesh: extended: [hxr o(0 | 118 | 187) s(39 | 127 | 67) np (no TSTs): 331851]
         =================================================================================

1xN007:  -----------------------------------------------------
         Memory status on node "1xN007" for matrix calculation
         	Estimated memory consumption: 0.0412828 GB
         	Physical memory installed: 12.7711 GB
         	Available physical memory: 3.87756 GB
         	Available relative memory: 30.362 %
         -----------------------------------------------------

1xN007:  >>>>>>>>>>>>>>>>>>>>>>>>>>>>>>>>>>>>>>>>>>>>>>>>>
         Sun Sun Jun 23 12:20:49 2024
         started: calculating matrix coefficients per node
         >>>>>>>>>>>>>>>>>>>>>>>>>>>>>>>>>>>>>>>>>>>>>>>>>

1xN007:  ============================================================
         Matrix computation (PBA)
         	[Perfect Boundary Approximation (PBA), version: default]
         	[GPU acceleration: off (by user)]
         Version: 2024.0 Release from 2023-09-01 (change 1164796)
         PBA version 2023101624
         Sub-Workflow: FARM-1xN-TST2-Node
         Workflow updated: -
         Sun Sun Jun 23 12:20:49 2024
         ============================================================

1xN007:  ---------------------------------------------
         Used point accuracy enhancement value: 0.00%.
         ---------------------------------------------

1xN007:  -------------------------------------------------
         Geometry representation: compact
         Shared memory: none
         FARM allocation scheme: PA
         Parallelization: on, used

1xN007:  Gap-Detection activated for FARM-topology. Gaps are resolved, even partially.: gap tolerance value is 0.001000 and mesh geometry scale is 1.000000
1xN007:
1xN007:



1xN007:  ----------------------
         Acceleration mode: CPU
         ----------------------

1xN007:  Port homogenization method: M2H point index deviation
1xN007:  cccccccccccccccccccccccccccccccccccccccccccccccccccccccccccccccccccccc
         FARM/Meshfill cache is set to 8 (local FI domains: 18, dynamic: false)
         cccccccccccccccccccccccccccccccccccccccccccccccccccccccccccccccccccccc

1xN007:  =============================================================
         Hex cell analyzer settings:
         	max number of E fields per mesh edge: 2
         	max number of H fields per mesh face: 4
         	supporting dual grid: false
         	performance improvement: ROI limit: true
         	performance improvement: ROI threshold: 2
         	performance improvement: single topology extraction: true
         	performance improvement: pre-categorize cell volume: true
         	periodic align: 0
         	periodic cells: true
         	homogenization version: pid
         =============================================================

1xN007:  --------------------------
         TST Statistics:
         E Split (536 | 0 | 536)
         E Adapt (938 | 804 | 938)
         B Split (536 | 1608 | 536)
         B Adapt (12 | 0 | 12)
         --------------------------

>2024-05-23 12:21:06.00737< matrixcalc_AMD64 @ DESKTOP-CKLIGJT: 1xN007:  !!!!!!!!!!!!!!!!!!!!!!!!!!!!!!!!!!!!!!!
                                                                         current system memory usage reached 75%
                                                                         !!!!!!!!!!!!!!!!!!!!!!!!!!!!!!!!!!!!!!!

>2024-05-23 12:21:16.00884< matrixcalc_AMD64 @ DESKTOP-CKLIGJT: 1xN007:  !!!!!!!!!!!!!!!!!!!!!!!!!!!!!!!!!!!!!!!
                                                                         current system memory usage reached 80%
                                                                         !!!!!!!!!!!!!!!!!!!!!!!!!!!!!!!!!!!!!!!

1xN007:  ssssssssssssssssssssssssssssssssssssssssss
         # of curls with SI accuracy enhancement: 0
         ssssssssssssssssssssssssssssssssssssssssss

1xN007:  ------------------------------------------------------------------------------
         PBA fill limit is applied in inverse mode.
         PBA fill limit is applied on faces filled with at least 85.00% metal material.
         --------------------------------------------------------------
         detailed accuracy settings:
         --------------------------------------------------------------
         augmented fill limit:       true
         augmented fill limit value: 85.00
         automatic fill limit:       true
         early fill limit:           true
         inverse fill limit:         true
         model complexity:           0.00
         legacy 2015:                false
         fixed point accuracy:       false
         minimum point accuracy:     0
         mesh step inheritance:      false
         accuracy mode:
         ------------------------------------------------------------------------------

1xN007:  discrete edge port "1" is connected to metal material.
1xN007:  ----------------------------------------------------------------
         The following discrete edge port is connected to metal material:
         	1
         ----------------------------------------------------------------

1xN007:  =================================
         Finished matrix computation (PBA)
         =================================

1xN007:  <<<<<<<<<<<<<<<<<<<<<<<<<<<<<<<<<<<<<<<<<<<<<<<<<<<<<<<<<<<<
         Sun Sun Jun 23 12:21:22 2024
         Resource usage for calculating matrix coefficients per node:
         	Runtime                          00:00:32.00308
         	Peak Memory Estimation:                   41 MB
         	Peak Memory Usage:                       157 MB
         <<<<<<<<<<<<<<<<<<<<<<<<<<<<<<<<<<<<<<<<<<<<<<<<<<<<<<<<<<<<



<<<<<<<<<<<<<<<<<<<<<<<<<<<<<<<<<<<<<<<<<<<<<<<
Sun Sun Jun 23 12:22:18 2024
Resource usage for parallelization control:
	Runtime                      00:02:17.00226
<<<<<<<<<<<<<<<<<<<<<<<<<<<<<<<<<<<<<<<<<<<<<<<

------------------------------------------------------------------------------------------------------------------------------
PBAMeshFeedback - InfoMap: 0[ms] - SBCell navigation: Using legacy edges - CornerCorrectionLinesAndWires: 0[ms] - Write: 1[ms]
ConnectivityAXG - Load: 5[ms] - Setup: 0[ms] - Convert: 0[ms] ( Groups: 3 - Shapes: 3 - Threads: 4 ) - Write: 0[ms]
ConnectivityAXG - Load: 5[ms] - Setup: 0[ms] - Convert: 0[ms] ( Groups: 3 - Shapes: 3 - Threads: 4 ) - Write: 0[ms]
------------------------------------------------------------------------------------------------------------------------------

--------------------------------
# of staircase filled cells: 0
# of staircase filled areas: 0
# of staircase filled edges: 0
# of faces above fill limit: 0
# of edges with FPBA topology: 0
--------------------------------

--------------------------------
# of staircase filled cells: 0
# of staircase filled areas: 0
# of staircase filled edges: 0
# of faces above fill limit: 0
# of edges with FPBA topology: 0
--------------------------------

--------------------------------
# of staircase filled cells: 0
# of staircase filled areas: 0
# of staircase filled edges: 0
# of faces above fill limit: 0
# of edges with FPBA topology: 0
--------------------------------

--------------------------------
# of staircase filled cells: 0
# of staircase filled areas: 0
# of staircase filled edges: 0
# of faces above fill limit: 0
# of edges with FPBA topology: 0
--------------------------------

